<?xml version="1.0" encoding="UTF-8"?>
<!-- Generated by org.testng.reporters.JUnitReportReporter -->
<testsuite hostname="RAJU" failures="0" tests="1" name="jupiter.JupiterContactTest3" time="1.828" errors="0" timestamp="2024-12-26T10:20:15 IST" skipped="0">
  <testcase classname="jupiter.JupiterContactTest3" name="orderTheToysAndVerify" time="1.828"/>
</testsuite> <!-- jupiter.JupiterContactTest3 -->
