<?xml version="1.0" encoding="UTF-8"?>
<!-- Generated by org.testng.reporters.JUnitReportReporter -->
<testsuite hostname="RAJU" failures="0" tests="5" name="jupiter.JupiterContactTest1" time="45.887" errors="0" timestamp="2024-12-26T10:20:15 IST" skipped="0">
  <testcase classname="jupiter.JupiterContactTest1" name="createContactTest" time="19.224"/>
  <testcase classname="jupiter.JupiterContactTest1" name="createContactTest" time="18.722"/>
  <testcase classname="jupiter.JupiterContactTest1" name="createContactTest" time="2.257"/>
  <testcase classname="jupiter.JupiterContactTest1" name="createContactTest" time="3.741"/>
  <testcase classname="jupiter.JupiterContactTest1" name="createContactTest" time="1.943"/>
</testsuite> <!-- jupiter.JupiterContactTest1 -->
