<?xml version="1.0" encoding="UTF-8"?>
<!-- Generated by org.testng.reporters.JUnitReportReporter -->
<testsuite hostname="RAJU" failures="0" tests="1" name="jupiter.JupiterContact" time="4.318" errors="0" timestamp="2024-12-23T19:45:42 IST" skipped="0">
  <testcase classname="jupiter.JupiterContact" name="contact" time="4.318"/>
</testsuite> <!-- jupiter.JupiterContact -->
