<?xml version="1.0" encoding="UTF-8"?>
<!-- Generated by org.testng.reporters.JUnitReportReporter -->
<testsuite hostname="RAJU" failures="0" tests="1" name="jupiter.JupiterContactTest2" time="0.576" errors="0" timestamp="2024-12-26T10:20:15 IST" skipped="0">
  <testcase classname="jupiter.JupiterContactTest2" name="createContactWithoutMandatoryFields" time="0.576"/>
</testsuite> <!-- jupiter.JupiterContactTest2 -->
